<?xml version="1.0" encoding="UTF-8"?>
<!-- Generated by org.testng.reporters.JUnitXMLReporter -->
<testsuite hostname="CBT-MH-000" ignored="0" name="RESTAPI" tests="6" failures="0" timestamp="04 Oct 2019 05:28:04 GMT" time="9.962" errors="0">
  <testcase name="APITest" time="4.736" classname="test.first"/>
  <testcase name="APITest1" time="1.162" classname="test.second"/>
  <testcase name="APITest1" time="1.118" classname="test.second"/>
  <testcase name="APITest1" time="1.029" classname="test.second"/>
  <testcase name="createandDeleteTweet" time="1.227" classname="test.twitter"/>
  <testcase name="getTweet" time="0.589" classname="test.twitter"/>
</testsuite> <!-- RESTAPI -->
