<?xml version="1.0" encoding="UTF-8"?>
<testng-results skipped="0" failed="0" ignored="0" total="1" passed="1">
  <reporter-output>
  </reporter-output>
  <suite name="Default suite" duration-ms="15426" started-at="2019-10-16T12:08:36Z" finished-at="2019-10-16T12:08:51Z">
    <groups>
    </groups>
    <test name="Default test" duration-ms="15426" started-at="2019-10-16T12:08:36Z" finished-at="2019-10-16T12:08:51Z">
      <class name="test.twitter2">
        <test-method status="PASS" signature="UsernameTweets()[pri:0, instance:test.twitter2@2b2948e2]" name="UsernameTweets" duration-ms="15347" started-at="2019-10-16T12:08:36Z" finished-at="2019-10-16T12:08:51Z">
          <reporter-output>
          </reporter-output>
        </test-method> <!-- UsernameTweets -->
      </class> <!-- test.twitter2 -->
    </test> <!-- Default test -->
  </suite> <!-- Default suite -->
</testng-results>
